<?xml version="1.0" encoding="UTF-8"?>
<!-- Generated by org.testng.reporters.JUnitReportReporter -->
<testsuite skipped="0" hostname="sreeja" name="p1.ClassA" tests="3" failures="0" timestamp="2023-01-05T14:29:14 IST" time="0.020" errors="0">
  <testcase name="tc003" time="0.007" classname="p1.ClassA"/>
  <system-out>
    <![CDATA[tc003 executed successfull]]>
  </system-out>
  <testcase name="tc001" time="0.010" classname="p1.ClassA"/>
  <system-out>
    <![CDATA[tc001 executed successfull]]>
  </system-out>
  <testcase name="tc002" time="0.003" classname="p1.ClassA"/>
  <system-out>
    <![CDATA[tc002 executed successfull]]>
  </system-out>
</testsuite> <!-- p1.ClassA -->
