<?xml version="1.0" encoding="UTF-8"?>
<!-- Generated by org.testng.reporters.JUnitReportReporter -->
<testsuite skipped="0" hostname="sreeja" name="p2.ClassB" tests="3" failures="0" timestamp="2023-01-05T14:29:14 IST" time="0.009" errors="0">
  <testcase name="tc004" time="0.003" classname="p2.ClassB"/>
  <system-out>
    <![CDATA[tc004 executed successfull]]>
  </system-out>
  <testcase name="tc006" time="0.002" classname="p2.ClassB"/>
  <system-out>
    <![CDATA[tc006 executed successfull]]>
  </system-out>
  <testcase name="tc005" time="0.004" classname="p2.ClassB"/>
  <system-out>
    <![CDATA[tc005 executed successfull]]>
  </system-out>
</testsuite> <!-- p2.ClassB -->
